app/build/intermediates/manifest_merge_blame_file/debug/manifest-merger-blame-debug-report.txt
1<?xml version="1.0" encoding="utf-8"?>
2<manifest xmlns:android="http://schemas.android.com/apk/res/android"
3    package="com.example.groceryapp"
4    android:installLocation="auto"
5    android:versionCode="1"
6    android:versionName="1.0" >
7
8    <uses-sdk
9        android:minSdkVersion="16"
9-->src\main\AndroidManifest.xml
10        android:targetSdkVersion="29" />
10-->src\main\AndroidManifest.xml
11
12    <uses-permission android:name="android.permission.CAMERA" />
12-->src\main\AndroidManifest.xml:6:5-65
12-->src\main\AndroidManifest.xml:6:22-62
13    <uses-permission android:name="android.permission.WRITE_EXTERNAL_STORAGE" />
13-->src\main\AndroidManifest.xml:7:5-81
13-->src\main\AndroidManifest.xml:7:22-78
14    <uses-permission android:name="android.permission.INTERNET" />
14-->src\main\AndroidManifest.xml:8:5-67
14-->src\main\AndroidManifest.xml:8:22-64
15    <uses-permission android:name="android.permission.ACCESS_FINE_LOCATION" />
15-->src\main\AndroidManifest.xml:9:5-79
15-->src\main\AndroidManifest.xml:9:22-76
16    <uses-permission android:name="android.permission.ACCESS_COARSE_LOCATION" />
16-->src\main\AndroidManifest.xml:10:5-81
16-->src\main\AndroidManifest.xml:10:22-78
17    <uses-permission android:name="android.permission.ACCESS_NETWORK_STATE" />
17-->[com.google.firebase:firebase-auth:20.0.2] AndroidManifest.xml:24:5-79
17-->[com.google.firebase:firebase-auth:20.0.2] AndroidManifest.xml:24:22-76
18
19    <application
19-->src\main\AndroidManifest.xml:12:5-55:19
20        android:allowBackup="true"
20-->src\main\AndroidManifest.xml:13:9-35
21        android:appComponentFactory="androidx.core.app.CoreComponentFactory"
21-->[androidx.core:core:1.1.0] AndroidManifest.xml:24:18-86
22        android:debuggable="true"
23        android:icon="@drawable/shop"
23-->src\main\AndroidManifest.xml:14:9-38
24        android:label="@string/app_name"
24-->src\main\AndroidManifest.xml:15:9-41
25        android:roundIcon="@drawable/shop"
25-->src\main\AndroidManifest.xml:16:9-43
26        android:supportsRtl="true"
26-->src\main\AndroidManifest.xml:17:9-35
27        android:testOnly="true"
28        android:theme="@style/AppTheme.NoActionBar" >
28-->src\main\AndroidManifest.xml:18:9-52
29        <activity android:name="com.example.groceryapp.activity.PaymentActivity" />
29-->src\main\AndroidManifest.xml:19:9-71
29-->src\main\AndroidManifest.xml:19:19-59
30        <activity android:name="com.example.groceryapp.activity.WriteReviewActivity" />
30-->src\main\AndroidManifest.xml:20:9-66
30-->src\main\AndroidManifest.xml:20:19-63
31        <activity android:name="com.example.groceryapp.activity.ShopReviewActivity" />
31-->src\main\AndroidManifest.xml:21:9-65
31-->src\main\AndroidManifest.xml:21:19-62
32        <activity android:name="com.example.groceryapp.activity.OrderDetailsShopActivity" />
32-->src\main\AndroidManifest.xml:22:9-71
32-->src\main\AndroidManifest.xml:22:19-68
33        <activity android:name="com.example.groceryapp.activity.OrderDetailsBuyerActivity" />
33-->src\main\AndroidManifest.xml:23:9-72
33-->src\main\AndroidManifest.xml:23:19-69
34        <activity android:name="com.example.groceryapp.activity.CartActivity" />
34-->src\main\AndroidManifest.xml:24:9-59
34-->src\main\AndroidManifest.xml:24:19-56
35        <activity
35-->src\main\AndroidManifest.xml:25:9-27:57
36            android:name="com.example.groceryapp.activity.ShopDetailsActivity"
36-->src\main\AndroidManifest.xml:26:13-57
37            android:windowSoftInputMode="stateHidden" />
37-->src\main\AndroidManifest.xml:27:13-54
38        <activity android:name="com.example.groceryapp.activity.EditProductActivity" />
38-->src\main\AndroidManifest.xml:28:9-66
38-->src\main\AndroidManifest.xml:28:19-63
39        <activity android:name="com.example.groceryapp.activity.AddProductActivity" />
39-->src\main\AndroidManifest.xml:29:9-65
39-->src\main\AndroidManifest.xml:29:19-62
40        <activity android:name="com.example.groceryapp.activity.ProfileEditSellerActivity" />
40-->src\main\AndroidManifest.xml:30:9-72
40-->src\main\AndroidManifest.xml:30:19-69
41        <activity android:name="com.example.groceryapp.activity.ProfileEditBuyerActivity" />
41-->src\main\AndroidManifest.xml:31:9-71
41-->src\main\AndroidManifest.xml:31:19-68
42        <activity
42-->src\main\AndroidManifest.xml:32:9-34:57
43            android:name="com.example.groceryapp.activity.MainBuyerActivity"
43-->src\main\AndroidManifest.xml:33:13-55
44            android:windowSoftInputMode="stateHidden" />
44-->src\main\AndroidManifest.xml:34:13-54
45        <activity
45-->src\main\AndroidManifest.xml:35:9-37:57
46            android:name="com.example.groceryapp.activity.MainSellerActivity"
46-->src\main\AndroidManifest.xml:36:13-56
47            android:windowSoftInputMode="stateHidden" />
47-->src\main\AndroidManifest.xml:37:13-54
48        <activity android:name="com.example.groceryapp.activity.ForgotPasswordActivity" />
48-->src\main\AndroidManifest.xml:38:9-69
48-->src\main\AndroidManifest.xml:38:19-66
49        <activity android:name="com.example.groceryapp.activity.RegisterBuyerActivity" />
49-->src\main\AndroidManifest.xml:39:9-68
49-->src\main\AndroidManifest.xml:39:19-65
50        <activity android:name="com.example.groceryapp.activity.RegisterSellerActivity" />
50-->src\main\AndroidManifest.xml:40:9-69
50-->src\main\AndroidManifest.xml:40:19-66
51        <activity
51-->src\main\AndroidManifest.xml:41:9-43:57
52            android:name="com.example.groceryapp.activity.LoginActivity"
52-->src\main\AndroidManifest.xml:42:13-51
53            android:windowSoftInputMode="stateHidden" />
53-->src\main\AndroidManifest.xml:43:13-54
54        <activity android:name="com.example.groceryapp.activity.SplashActivity" >
54-->src\main\AndroidManifest.xml:44:9-50:20
54-->src\main\AndroidManifest.xml:44:19-58
55            <intent-filter>
55-->src\main\AndroidManifest.xml:45:13-49:29
56                <action android:name="android.intent.action.MAIN" />
56-->src\main\AndroidManifest.xml:46:17-69
56-->src\main\AndroidManifest.xml:46:25-66
57
58                <category android:name="android.intent.category.LAUNCHER" />
58-->src\main\AndroidManifest.xml:48:17-77
58-->src\main\AndroidManifest.xml:48:27-74
59            </intent-filter>
60        </activity>
61
62        <meta-data
62-->src\main\AndroidManifest.xml:52:9-54:57
63            android:name="preloaded_fonts"
63-->src\main\AndroidManifest.xml:53:13-43
64            android:resource="@array/preloaded_fonts" />
64-->src\main\AndroidManifest.xml:54:13-54
65
66        <activity
66-->[com.google.firebase:firebase-auth:20.0.2] AndroidManifest.xml:27:9-44:20
67            android:name="com.google.firebase.auth.internal.GenericIdpActivity"
67-->[com.google.firebase:firebase-auth:20.0.2] AndroidManifest.xml:28:13-80
68            android:excludeFromRecents="true"
68-->[com.google.firebase:firebase-auth:20.0.2] AndroidManifest.xml:29:13-46
69            android:exported="true"
69-->[com.google.firebase:firebase-auth:20.0.2] AndroidManifest.xml:30:13-36
70            android:launchMode="singleTask"
70-->[com.google.firebase:firebase-auth:20.0.2] AndroidManifest.xml:31:13-44
71            android:theme="@android:style/Theme.Translucent.NoTitleBar" >
71-->[com.google.firebase:firebase-auth:20.0.2] AndroidManifest.xml:32:13-72
72            <intent-filter>
72-->[com.google.firebase:firebase-auth:20.0.2] AndroidManifest.xml:33:13-43:29
73                <action android:name="android.intent.action.VIEW" />
73-->[com.google.firebase:firebase-auth:20.0.2] AndroidManifest.xml:34:17-69
73-->[com.google.firebase:firebase-auth:20.0.2] AndroidManifest.xml:34:25-66
74
75                <category android:name="android.intent.category.DEFAULT" />
75-->[com.google.firebase:firebase-auth:20.0.2] AndroidManifest.xml:36:17-76
75-->[com.google.firebase:firebase-auth:20.0.2] AndroidManifest.xml:36:27-73
76                <category android:name="android.intent.category.BROWSABLE" />
76-->[com.google.firebase:firebase-auth:20.0.2] AndroidManifest.xml:37:17-78
76-->[com.google.firebase:firebase-auth:20.0.2] AndroidManifest.xml:37:27-75
77
78                <data
78-->[com.google.firebase:firebase-auth:20.0.2] AndroidManifest.xml:39:17-42:51
79                    android:host="firebase.auth"
79-->[com.google.firebase:firebase-auth:20.0.2] AndroidManifest.xml:40:21-49
80                    android:path="/"
80-->[com.google.firebase:firebase-auth:20.0.2] AndroidManifest.xml:41:21-37
81                    android:scheme="genericidp" />
81-->[com.google.firebase:firebase-auth:20.0.2] AndroidManifest.xml:42:21-48
82            </intent-filter>
83        </activity>
84        <activity
84-->[com.google.firebase:firebase-auth:20.0.2] AndroidManifest.xml:45:9-62:20
85            android:name="com.google.firebase.auth.internal.RecaptchaActivity"
85-->[com.google.firebase:firebase-auth:20.0.2] AndroidManifest.xml:46:13-79
86            android:excludeFromRecents="true"
86-->[com.google.firebase:firebase-auth:20.0.2] AndroidManifest.xml:47:13-46
87            android:exported="true"
87-->[com.google.firebase:firebase-auth:20.0.2] AndroidManifest.xml:48:13-36
88            android:launchMode="singleTask"
88-->[com.google.firebase:firebase-auth:20.0.2] AndroidManifest.xml:49:13-44
89            android:theme="@android:style/Theme.Translucent.NoTitleBar" >
89-->[com.google.firebase:firebase-auth:20.0.2] AndroidManifest.xml:50:13-72
90            <intent-filter>
90-->[com.google.firebase:firebase-auth:20.0.2] AndroidManifest.xml:51:13-61:29
91                <action android:name="android.intent.action.VIEW" />
91-->[com.google.firebase:firebase-auth:20.0.2] AndroidManifest.xml:34:17-69
91-->[com.google.firebase:firebase-auth:20.0.2] AndroidManifest.xml:34:25-66
92
93                <category android:name="android.intent.category.DEFAULT" />
93-->[com.google.firebase:firebase-auth:20.0.2] AndroidManifest.xml:36:17-76
93-->[com.google.firebase:firebase-auth:20.0.2] AndroidManifest.xml:36:27-73
94                <category android:name="android.intent.category.BROWSABLE" />
94-->[com.google.firebase:firebase-auth:20.0.2] AndroidManifest.xml:37:17-78
94-->[com.google.firebase:firebase-auth:20.0.2] AndroidManifest.xml:37:27-75
95
96                <data
96-->[com.google.firebase:firebase-auth:20.0.2] AndroidManifest.xml:39:17-42:51
97                    android:host="firebase.auth"
97-->[com.google.firebase:firebase-auth:20.0.2] AndroidManifest.xml:40:21-49
98                    android:path="/"
98-->[com.google.firebase:firebase-auth:20.0.2] AndroidManifest.xml:41:21-37
99                    android:scheme="recaptcha" />
99-->[com.google.firebase:firebase-auth:20.0.2] AndroidManifest.xml:42:21-48
100            </intent-filter>
101        </activity>
102
103        <service
103-->[com.google.firebase:firebase-auth:20.0.2] AndroidManifest.xml:64:9-73:19
104            android:name="com.google.firebase.auth.api.fallback.service.FirebaseAuthFallbackService"
104-->[com.google.firebase:firebase-auth:20.0.2] AndroidManifest.xml:65:13-101
105            android:enabled="true"
105-->[com.google.firebase:firebase-auth:20.0.2] AndroidManifest.xml:66:13-35
106            android:exported="false" >
106-->[com.google.firebase:firebase-auth:20.0.2] AndroidManifest.xml:67:13-37
107            <intent-filter>
107-->[com.google.firebase:firebase-auth:20.0.2] AndroidManifest.xml:68:13-72:29
108                <action android:name="com.google.firebase.auth.api.gms.service.START" />
108-->[com.google.firebase:firebase-auth:20.0.2] AndroidManifest.xml:69:17-89
108-->[com.google.firebase:firebase-auth:20.0.2] AndroidManifest.xml:69:25-86
109
110                <category android:name="android.intent.category.DEFAULT" />
110-->[com.google.firebase:firebase-auth:20.0.2] AndroidManifest.xml:36:17-76
110-->[com.google.firebase:firebase-auth:20.0.2] AndroidManifest.xml:36:27-73
111            </intent-filter>
112        </service>
113        <service
113-->[com.google.firebase:firebase-auth:20.0.2] AndroidManifest.xml:74:9-80:19
114            android:name="com.google.firebase.components.ComponentDiscoveryService"
114-->[com.google.firebase:firebase-auth:20.0.2] AndroidManifest.xml:75:13-84
115            android:directBootAware="true"
115-->[com.google.firebase:firebase-common:19.5.0] AndroidManifest.xml:35:13-43
116            android:exported="false" >
116-->[com.google.firebase:firebase-auth:20.0.2] AndroidManifest.xml:76:13-37
117            <meta-data
117-->[com.google.firebase:firebase-auth:20.0.2] AndroidManifest.xml:77:13-79:85
118                android:name="com.google.firebase.components:com.google.firebase.auth.FirebaseAuthRegistrar"
118-->[com.google.firebase:firebase-auth:20.0.2] AndroidManifest.xml:78:17-109
119                android:value="com.google.firebase.components.ComponentRegistrar" />
119-->[com.google.firebase:firebase-auth:20.0.2] AndroidManifest.xml:79:17-82
120            <meta-data
120-->[com.google.firebase:firebase-database-ktx:19.6.0] AndroidManifest.xml:15:13-17:85
121                android:name="com.google.firebase.components:com.google.firebase.database.ktx.FirebaseDatabaseKtxRegistrar"
121-->[com.google.firebase:firebase-database-ktx:19.6.0] AndroidManifest.xml:16:17-124
122                android:value="com.google.firebase.components.ComponentRegistrar" />
122-->[com.google.firebase:firebase-database-ktx:19.6.0] AndroidManifest.xml:17:17-82
123            <meta-data
123-->[com.google.firebase:firebase-database:19.6.0] AndroidManifest.xml:32:13-34:85
124                android:name="com.google.firebase.components:com.google.firebase.database.DatabaseRegistrar"
124-->[com.google.firebase:firebase-database:19.6.0] AndroidManifest.xml:33:17-109
125                android:value="com.google.firebase.components.ComponentRegistrar" />
125-->[com.google.firebase:firebase-database:19.6.0] AndroidManifest.xml:34:17-82
126            <meta-data
126-->[com.google.firebase:firebase-storage:19.2.1] AndroidManifest.xml:33:13-35:85
127                android:name="com.google.firebase.components:com.google.firebase.storage.StorageRegistrar"
127-->[com.google.firebase:firebase-storage:19.2.1] AndroidManifest.xml:34:17-107
128                android:value="com.google.firebase.components.ComponentRegistrar" />
128-->[com.google.firebase:firebase-storage:19.2.1] AndroidManifest.xml:35:17-82
129            <meta-data
129-->[com.google.firebase:firebase-common-ktx:19.5.0] AndroidManifest.xml:15:13-17:85
130                android:name="com.google.firebase.components:com.google.firebase.ktx.FirebaseCommonKtxRegistrar"
130-->[com.google.firebase:firebase-common-ktx:19.5.0] AndroidManifest.xml:16:17-113
131                android:value="com.google.firebase.components.ComponentRegistrar" />
131-->[com.google.firebase:firebase-common-ktx:19.5.0] AndroidManifest.xml:17:17-82
132            <!--
133                This registrar is not defined in the dynamic-module-support sdk itself to allow non-firebase
134                clients to use it as well, by defining this registrar in their own core/common library.
135            -->
136            <meta-data
136-->[com.google.firebase:firebase-common:19.5.0] AndroidManifest.xml:43:13-45:85
137                android:name="com.google.firebase.components:com.google.firebase.dynamicloading.DynamicLoadingRegistrar"
137-->[com.google.firebase:firebase-common:19.5.0] AndroidManifest.xml:44:17-121
138                android:value="com.google.firebase.components.ComponentRegistrar" />
138-->[com.google.firebase:firebase-common:19.5.0] AndroidManifest.xml:45:17-82
139        </service>
140
141        <provider
141-->[com.squareup.picasso:picasso:2.71828] AndroidManifest.xml:8:9-11:40
142            android:name="com.squareup.picasso.PicassoProvider"
142-->[com.squareup.picasso:picasso:2.71828] AndroidManifest.xml:9:13-64
143            android:authorities="com.example.groceryapp.com.squareup.picasso"
143-->[com.squareup.picasso:picasso:2.71828] AndroidManifest.xml:10:13-72
144            android:exported="false" />
144-->[com.squareup.picasso:picasso:2.71828] AndroidManifest.xml:11:13-37
145
146        <activity
146-->[com.google.android.gms:play-services-base:17.1.0] AndroidManifest.xml:23:9-26:75
147            android:name="com.google.android.gms.common.api.GoogleApiActivity"
147-->[com.google.android.gms:play-services-base:17.1.0] AndroidManifest.xml:24:13-79
148            android:exported="false"
148-->[com.google.android.gms:play-services-base:17.1.0] AndroidManifest.xml:25:13-37
149            android:theme="@android:style/Theme.Translucent.NoTitleBar" />
149-->[com.google.android.gms:play-services-base:17.1.0] AndroidManifest.xml:26:13-72
150
151        <provider
151-->[com.google.firebase:firebase-common:19.5.0] AndroidManifest.xml:26:9-31:39
152            android:name="com.google.firebase.provider.FirebaseInitProvider"
152-->[com.google.firebase:firebase-common:19.5.0] AndroidManifest.xml:27:13-77
153            android:authorities="com.example.groceryapp.firebaseinitprovider"
153-->[com.google.firebase:firebase-common:19.5.0] AndroidManifest.xml:28:13-72
154            android:directBootAware="true"
154-->[com.google.firebase:firebase-common:19.5.0] AndroidManifest.xml:29:13-43
155            android:exported="false"
155-->[com.google.firebase:firebase-common:19.5.0] AndroidManifest.xml:30:13-37
156            android:initOrder="100" />
156-->[com.google.firebase:firebase-common:19.5.0] AndroidManifest.xml:31:13-36
157
158        <meta-data
158-->[com.google.android.gms:play-services-basement:17.1.0] AndroidManifest.xml:23:9-25:69
159            android:name="com.google.android.gms.version"
159-->[com.google.android.gms:play-services-basement:17.1.0] AndroidManifest.xml:24:13-58
160            android:value="@integer/google_play_services_version" />
160-->[com.google.android.gms:play-services-basement:17.1.0] AndroidManifest.xml:25:13-66
161    </application>
162
163</manifest>